[debug] [2025-10-01T17:17:19.618Z] ----------------------------------------------------------------------
[debug] [2025-10-01T17:17:19.623Z] Command:       C:\Program Files\nodejs\node.exe C:\Users\0anki\AppData\Roaming\npm\node_modules\firebase-tools\lib\bin\firebase.js deploy --only hosting --project aadhaar-banking-edu
[debug] [2025-10-01T17:17:19.624Z] CLI Version:   14.17.0
[debug] [2025-10-01T17:17:19.624Z] Platform:      win32
[debug] [2025-10-01T17:17:19.624Z] Node Version:  v22.18.0
[debug] [2025-10-01T17:17:19.625Z] Time:          Wed Oct 01 2025 22:47:19 GMT+0530 (India Standard Time)
[debug] [2025-10-01T17:17:19.625Z] ----------------------------------------------------------------------
[debug] 
[debug] [2025-10-01T17:17:19.628Z] >>> [apiv2][query] GET https://firebase-public.firebaseio.com/cli.json [none]
[error] 
[error] Error: Not in a Firebase app directory (could not locate firebase.json)
[debug] [2025-10-01T17:20:58.407Z] ----------------------------------------------------------------------
[debug] [2025-10-01T17:20:58.410Z] Command:       C:\Program Files\nodejs\node.exe C:\Users\0anki\AppData\Roaming\npm\node_modules\firebase-tools\lib\bin\firebase.js deploy --only hosting
[debug] [2025-10-01T17:20:58.411Z] CLI Version:   14.17.0
[debug] [2025-10-01T17:20:58.411Z] Platform:      win32
[debug] [2025-10-01T17:20:58.411Z] Node Version:  v22.18.0
[debug] [2025-10-01T17:20:58.411Z] Time:          Wed Oct 01 2025 22:50:58 GMT+0530 (India Standard Time)
[debug] [2025-10-01T17:20:58.411Z] ----------------------------------------------------------------------
[debug] 
[debug] [2025-10-01T17:20:58.414Z] >>> [apiv2][query] GET https://firebase-public.firebaseio.com/cli.json [none]
[error] 
[error] Error: No currently active project.
To run this command, you need to specify a project. You have two options:
- Run this command with --project <alias_or_project_id>.
- Set an active project by running firebase use --add, then rerun this command.
To list all the Firebase projects to which you have access, run firebase projects:list.
To learn about active projects for the CLI, visit https://firebase.google.com/docs/cli#project_aliases


